<?xml version="1.0" encoding="UTF-8"?>
<!-- Generated by org.testng.reporters.JUnitXMLReporter -->
<testsuite ignored="0" hostname="DESKTOP-R8LNRUV" failures="0" tests="4" name="Test" time="176.264" errors="0" timestamp="2022-10-21T18:31:49 MYT">
  <testcase classname="testCases.TestCase_Scenario_0002" name="test_education_loan_standard_repayment_calculator_scn002" time="11.607"/>
  <testcase classname="testCases.TestCase_Scenario_0002" name="test_education_loan_standard_repayment_calculator_scn002" time="12.374"/>
  <testcase classname="testCases.TestCase_Scenario_0002" name="test_education_loan_standard_repayment_calculator_scn002" time="9.708"/>
  <testcase classname="testCases.TestCase_Scenario_0002" name="test_education_loan_standard_repayment_calculator_scn002" time="9.126"/>
</testsuite> <!-- Test -->
