<?xml version="1.0" encoding="UTF-8"?>
<!-- Generated by org.testng.reporters.JUnitXMLReporter -->
<testsuite ignored="2" hostname="DESKTOP-R8LNRUV" failures="1" tests="6" name="Test" time="491.63" errors="0" timestamp="2022-10-20T16:17:17 MYT">
  <testcase classname="testCases.TestCase_SampleTest" name="test_verify_title" time="0.066">
    <skipped/>
  </testcase> <!-- test_verify_title -->
  <testcase classname="testCases.TestCase_SampleTest" name="test_verify_title" time="0.018">
    <failure type="java.lang.AssertionError" message="expected [HomePage] but found [Personal Banking | Savings, Credit Cards and Loans | CIMB SG]">
      <![CDATA[java.lang.AssertionError: expected [HomePage] but found [Personal Banking | Savings, Credit Cards and Loans | CIMB SG]
at testCases.TestCase_SampleTest.test_verify_title(TestCase_SampleTest.java:20)
at java.base/java.util.concurrent.ThreadPoolExecutor.runWorker(ThreadPoolExecutor.java:1136)
at java.base/java.util.concurrent.ThreadPoolExecutor$Worker.run(ThreadPoolExecutor.java:635)
at java.base/java.lang.Thread.run(Thread.java:833)
... Removed 15 stack frames]]>
    </failure>
  </testcase> <!-- test_verify_title -->
  <testcase classname="testCases.TestCase_Scenario_0002" name="test_education_loan_standard_repayment_calculator_scn002" time="140.079"/>
  <testcase classname="testCases.TestCase_Scenario_0002" name="test_education_loan_standard_repayment_calculator_scn002" time="32.816"/>
  <testcase classname="testCases.TestCase_Scenario_0002" name="test_education_loan_standard_repayment_calculator_scn002" time="10.156"/>
  <testcase classname="testCases.TestCase_Scenario_0002" name="test_education_loan_standard_repayment_calculator_scn002" time="9.343"/>
  <testcase classname="testBase.TestBase" name="@BeforeTest start_docker_grid" time="0.0">
    <ignored/>
  </testcase> <!-- @BeforeTest start_docker_grid -->
  <testcase classname="testBase.TestBase" name="@AfterTest stop_docker_grid" time="0.0">
    <ignored/>
  </testcase> <!-- @AfterTest stop_docker_grid -->
</testsuite> <!-- Test -->
