<?xml version="1.0" encoding="UTF-8"?>
<testng-results ignored="0" total="4" passed="4" failed="0" skipped="0">
  <reporter-output>
  </reporter-output>
  <suite started-at="2022-10-21T18:28:53 MYT" name="Suite" finished-at="2022-10-21T18:31:49 MYT" duration-ms="176264">
    <groups>
    </groups>
    <test started-at="2022-10-21T18:28:53 MYT" name="Test" finished-at="2022-10-21T18:31:49 MYT" duration-ms="176264">
      <class name="testCases.TestCase_Scenario_0002">
        <test-method is-config="true" signature="start_docker_grid()[pri:0, instance:testCases.TestCase_Scenario_0002@4204541c]" started-at="2022-10-21T18:28:53 MYT" name="start_docker_grid" finished-at="2022-10-21T18:28:53 MYT" duration-ms="9" status="PASS">
          <reporter-output>
          </reporter-output>
        </test-method> <!-- start_docker_grid -->
        <test-method is-config="true" signature="launch_application()[pri:0, instance:testCases.TestCase_Scenario_0002@4204541c]" started-at="2022-10-21T18:28:53 MYT" name="launch_application" finished-at="2022-10-21T18:29:33 MYT" duration-ms="39561" status="PASS">
          <reporter-output>
          </reporter-output>
        </test-method> <!-- launch_application -->
        <test-method signature="test_education_loan_standard_repayment_calculator_scn002(java.lang.Object)[pri:0, instance:testCases.TestCase_Scenario_0002@4204541c]" started-at="2022-10-21T18:29:33 MYT" name="test_education_loan_standard_repayment_calculator_scn002" data-provider="loanData" finished-at="2022-10-21T18:29:45 MYT" duration-ms="11607" status="PASS">
          <params>
            <param index="0">
              <value>
                <![CDATA[{LoanAmount=10000, Tenure=10}]]>
              </value>
            </param>
          </params>
          <reporter-output>
          </reporter-output>
        </test-method> <!-- test_education_loan_standard_repayment_calculator_scn002 -->
        <test-method is-config="true" signature="tear_down()[pri:0, instance:testCases.TestCase_Scenario_0002@4204541c]" started-at="2022-10-21T18:29:45 MYT" name="tear_down" finished-at="2022-10-21T18:29:45 MYT" duration-ms="276" status="PASS">
          <reporter-output>
          </reporter-output>
        </test-method> <!-- tear_down -->
        <test-method is-config="true" signature="launch_application()[pri:0, instance:testCases.TestCase_Scenario_0002@4204541c]" started-at="2022-10-21T18:29:45 MYT" name="launch_application" finished-at="2022-10-21T18:30:13 MYT" duration-ms="28672" status="PASS">
          <reporter-output>
          </reporter-output>
        </test-method> <!-- launch_application -->
        <test-method signature="test_education_loan_standard_repayment_calculator_scn002(java.lang.Object)[pri:0, instance:testCases.TestCase_Scenario_0002@4204541c]" started-at="2022-10-21T18:30:13 MYT" name="test_education_loan_standard_repayment_calculator_scn002" data-provider="loanData" finished-at="2022-10-21T18:30:26 MYT" duration-ms="12374" status="PASS">
          <params>
            <param index="0">
              <value>
                <![CDATA[{LoanAmount=20000, Tenure=9}]]>
              </value>
            </param>
          </params>
          <reporter-output>
          </reporter-output>
        </test-method> <!-- test_education_loan_standard_repayment_calculator_scn002 -->
        <test-method is-config="true" signature="tear_down()[pri:0, instance:testCases.TestCase_Scenario_0002@4204541c]" started-at="2022-10-21T18:30:26 MYT" name="tear_down" finished-at="2022-10-21T18:30:27 MYT" duration-ms="1152" status="PASS">
          <reporter-output>
          </reporter-output>
        </test-method> <!-- tear_down -->
        <test-method is-config="true" signature="launch_application()[pri:0, instance:testCases.TestCase_Scenario_0002@4204541c]" started-at="2022-10-21T18:30:27 MYT" name="launch_application" finished-at="2022-10-21T18:31:13 MYT" duration-ms="45894" status="PASS">
          <reporter-output>
          </reporter-output>
        </test-method> <!-- launch_application -->
        <test-method signature="test_education_loan_standard_repayment_calculator_scn002(java.lang.Object)[pri:0, instance:testCases.TestCase_Scenario_0002@4204541c]" started-at="2022-10-21T18:31:13 MYT" name="test_education_loan_standard_repayment_calculator_scn002" data-provider="loanData" finished-at="2022-10-21T18:31:23 MYT" duration-ms="9708" status="PASS">
          <params>
            <param index="0">
              <value>
                <![CDATA[{LoanAmount=30000, Tenure=8}]]>
              </value>
            </param>
          </params>
          <reporter-output>
          </reporter-output>
        </test-method> <!-- test_education_loan_standard_repayment_calculator_scn002 -->
        <test-method is-config="true" signature="tear_down()[pri:0, instance:testCases.TestCase_Scenario_0002@4204541c]" started-at="2022-10-21T18:31:23 MYT" name="tear_down" finished-at="2022-10-21T18:31:24 MYT" duration-ms="1166" status="PASS">
          <reporter-output>
          </reporter-output>
        </test-method> <!-- tear_down -->
        <test-method is-config="true" signature="launch_application()[pri:0, instance:testCases.TestCase_Scenario_0002@4204541c]" started-at="2022-10-21T18:31:24 MYT" name="launch_application" finished-at="2022-10-21T18:31:39 MYT" duration-ms="15012" status="PASS">
          <reporter-output>
          </reporter-output>
        </test-method> <!-- launch_application -->
        <test-method signature="test_education_loan_standard_repayment_calculator_scn002(java.lang.Object)[pri:0, instance:testCases.TestCase_Scenario_0002@4204541c]" started-at="2022-10-21T18:31:39 MYT" name="test_education_loan_standard_repayment_calculator_scn002" data-provider="loanData" finished-at="2022-10-21T18:31:48 MYT" duration-ms="9126" status="PASS">
          <params>
            <param index="0">
              <value>
                <![CDATA[{LoanAmount=40000, Tenure=7}]]>
              </value>
            </param>
          </params>
          <reporter-output>
          </reporter-output>
        </test-method> <!-- test_education_loan_standard_repayment_calculator_scn002 -->
        <test-method is-config="true" signature="tear_down()[pri:0, instance:testCases.TestCase_Scenario_0002@4204541c]" started-at="2022-10-21T18:31:48 MYT" name="tear_down" finished-at="2022-10-21T18:31:49 MYT" duration-ms="1161" status="PASS">
          <reporter-output>
          </reporter-output>
        </test-method> <!-- tear_down -->
        <test-method is-config="true" signature="stop_docker_grid()[pri:0, instance:testCases.TestCase_Scenario_0002@4204541c]" started-at="2022-10-21T18:31:49 MYT" name="stop_docker_grid" finished-at="2022-10-21T18:31:49 MYT" duration-ms="1" status="PASS">
          <reporter-output>
          </reporter-output>
        </test-method> <!-- stop_docker_grid -->
      </class> <!-- testCases.TestCase_Scenario_0002 -->
    </test> <!-- Test -->
  </suite> <!-- Suite -->
</testng-results>
